[2026-06-10 14:28:46] Admin #173 synced. Imported: 13 | Skipped: 0
[2026-06-10 14:29:03] Admin #173 synced. Imported: 13 | Skipped: 0
[2026-06-10 14:30:03] Admin #173 synced. Imported: 13 | Skipped: 0
[2026-06-10 14:31:04] Admin #173 synced. Imported: 13 | Skipped: 0
[2026-06-10 14:32:04] Admin #173 synced. Imported: 13 | Skipped: 0
[2026-06-10 14:33:03] Admin #173 synced. Imported: 13 | Skipped: 0
[2026-06-10 16:19:19] Admin #173 synced. Imported: 13 | Skipped: 0
^C[2026-06-10 16:21:03] Admin #173 synced. Imported: 13 | Skipped: 0
[2026-06-10 16:22:03] Admin #173 synced. Imported: 13 | Skipped: 0
[2026-06-10 16:23:03] Admin #173 synced. Imported: 13 | Skipped: 0
[2026-06-10 16:35:37] Admin #173 synced. Imported: 13 | Skipped: 0
[2026-06-10 16:36:03] Admin #173 synced. Imported: 13 | Skipped: 0
[2026-06-10 16:37:03] Admin #173 synced. Imported: 13 | Skipped: 0
[2026-06-10 16:38:03] Admin #173 synced. Imported: 13 | Skipped: 0
[2026-06-10 16:39:03] Admin #173 synced. Imported: 13 | Skipped: 0
[2026-06-10 16:40:03] Admin #173 synced. Imported: 13 | Skipped: 0
^C[2026-06-10 16:42:03] Admin #173 synced. Imported: 13 | Skipped: 0
[2026-06-10 16:43:03] Admin #173 synced. Imported: 13 | Skipped: 0
^C^C[2026-06-10 16:46:03] Admin #173 synced. Imported: 13 | Skipped: 0
[2026-06-10 16:47:03] Admin #173 synced. Imported: 13 | Skipped: 0
[2026-06-10 16:48:03] Admin #173 synced. Imported: 13 | Skipped: 0
[2026-06-10 16:49:03] Admin #173 synced. Imported: 13 | Skipped: 0
[2026-06-10 16:50:03] Admin #173 synced. Imported: 13 | Skipped: 0
[2026-06-10 16:51:03] Admin #173 synced. Imported: 13 | Skipped: 0
[2026-06-10 16:52:03] Admin #173 synced. Imported: 13 | Skipped: 0
^C[2026-06-10 16:54:03] Admin #173 synced. Imported: 13 | Skipped: 0
[2026-06-10 16:55:03] Admin #173 synced. Imported: 13 | Skipped: 0
[2026-06-10 16:56:05] Admin #173 synced. Imported: 13 | Skipped: 0
^C^C[2026-06-10 16:59:03] Admin #173 synced. Imported: 13 | Skipped: 0
[2026-06-11 09:15:03] Admin #173 failed: eTime Office API request failed: Could not resolve host: api.etimeoffice.com
^C[2026-06-11 09:18:03] Admin #173 synced. Imported: 13 | Skipped: 0
[2026-06-11 09:19:03] Admin #173 synced. Imported: 13 | Skipped: 0
[2026-06-11 09:20:03] Admin #173 synced. Imported: 13 | Skipped: 0
[2026-06-11 09:21:03] Admin #173 synced. Imported: 13 | Skipped: 0
[2026-06-11 09:22:03] Admin #173 synced. Imported: 13 | Skipped: 0
[2026-06-11 09:23:03] Admin #173 synced. Imported: 13 | Skipped: 0
[2026-06-11 09:24:03] Admin #173 synced. Imported: 13 | Skipped: 0
[2026-06-11 09:25:03] Admin #173 synced. Imported: 13 | Skipped: 0
[2026-06-11 09:26:03] Admin #173 synced. Imported: 13 | Skipped: 0
[2026-06-11 09:27:03] Admin #173 synced. Imported: 13 | Skipped: 0
[2026-06-11 09:28:03] Admin #173 synced. Imported: 13 | Skipped: 0
[2026-06-11 09:30:04] Admin #173 synced. Imported: 13 | Skipped: 0
[2026-06-11 09:31:03] Admin #173 synced. Imported: 13 | Skipped: 0
^C[2026-06-11 09:33:03] Admin #173 synced. Imported: 13 | Skipped: 0
^C^C[2026-06-11 09:36:03] Admin #173 synced. Imported: 13 | Skipped: 0
[2026-06-11 09:37:03] Admin #173 synced. Imported: 13 | Skipped: 0
[2026-06-11 09:38:03] Admin #173 synced. Imported: 13 | Skipped: 0
[2026-06-11 09:39:03] Admin #173 synced. Imported: 13 | Skipped: 0
[2026-06-11 09:40:03] Admin #173 synced. Imported: 13 | Skipped: 0
^C[2026-06-11 09:42:03] Admin #173 synced. Imported: 13 | Skipped: 0
[2026-06-11 09:43:03] Admin #173 synced. Imported: 13 | Skipped: 0
[2026-06-11 09:44:03] Admin #173 synced. Imported: 13 | Skipped: 0
^C[2026-06-11 09:46:03] Admin #173 synced. Imported: 13 | Skipped: 0
[2026-06-11 09:47:03] Admin #173 synced. Imported: 13 | Skipped: 0
^C[2026-06-11 09:49:03] Admin #173 synced. Imported: 13 | Skipped: 0
[2026-06-11 09:50:03] Admin #173 synced. Imported: 13 | Skipped: 0
[2026-06-11 09:51:03] Admin #173 synced. Imported: 13 | Skipped: 0
[2026-06-11 09:52:03] Admin #173 synced. Imported: 13 | Skipped: 0
[2026-06-11 09:53:03] Admin #173 synced. Imported: 13 | Skipped: 0
[2026-06-11 09:54:03] Admin #173 synced. Imported: 13 | Skipped: 0
[2026-06-11 09:55:03] Admin #173 synced. Imported: 13 | Skipped: 0
[2026-06-11 09:56:03] Admin #173 synced. Imported: 13 | Skipped: 0
[2026-06-11 09:57:03] Admin #173 synced. Imported: 13 | Skipped: 0
[2026-06-11 09:58:04] Admin #173 synced. Imported: 13 | Skipped: 0
[2026-06-11 09:59:03] Admin #173 synced. Imported: 13 | Skipped: 0
^C[2026-06-11 10:01:04] Admin #173 synced. Imported: 13 | Skipped: 0
[2026-06-11 10:02:04] Admin #173 synced. Imported: 13 | Skipped: 0
[2026-06-11 10:03:03] Admin #173 synced. Imported: 13 | Skipped: 0
^C[2026-06-11 10:05:03] Admin #173 synced. Imported: 13 | Skipped: 0
[2026-06-11 10:06:03] Admin #173 synced. Imported: 13 | Skipped: 0
[2026-06-11 10:07:03] Admin #173 synced. Imported: 13 | Skipped: 0
[2026-06-11 10:08:03] Admin #173 synced. Imported: 13 | Skipped: 0
[2026-06-11 10:09:03] Admin #173 synced. Imported: 13 | Skipped: 0
[2026-06-11 10:10:03] Admin #173 synced. Imported: 13 | Skipped: 0
[2026-06-11 10:11:03] Admin #173 synced. Imported: 13 | Skipped: 0
[2026-06-11 10:12:03] Admin #173 synced. Imported: 13 | Skipped: 0
[2026-06-11 10:13:03] Admin #173 synced. Imported: 13 | Skipped: 0
[2026-06-11 10:14:03] Admin #173 synced. Imported: 13 | Skipped: 0
[2026-06-11 10:15:04] Admin #173 synced. Imported: 13 | Skipped: 0
[2026-06-11 10:16:04] Admin #173 synced. Imported: 13 | Skipped: 0
[2026-06-11 10:17:04] Admin #173 synced. Imported: 13 | Skipped: 0
[2026-06-11 10:18:04] Admin #173 synced. Imported: 13 | Skipped: 0
[2026-06-11 10:19:04] Admin #173 synced. Imported: 13 | Skipped: 0
^C[2026-06-11 10:21:04] Admin #173 synced. Imported: 13 | Skipped: 0
[2026-06-11 10:22:04] Admin #173 synced. Imported: 13 | Skipped: 0
[2026-06-11 10:23:04] Admin #173 synced. Imported: 13 | Skipped: 0
[2026-06-11 10:24:04] Admin #173 synced. Imported: 13 | Skipped: 0
[2026-06-11 10:25:04] Admin #173 synced. Imported: 13 | Skipped: 0
[2026-06-11 10:26:03] Admin #173 synced. Imported: 13 | Skipped: 0
[2026-06-11 10:27:03] Admin #173 synced. Imported: 13 | Skipped: 0
[2026-06-11 10:28:03] Admin #173 synced. Imported: 13 | Skipped: 0
[2026-06-11 10:29:03] Admin #173 synced. Imported: 13 | Skipped: 0
[2026-06-11 10:30:03] Admin #173 synced. Imported: 13 | Skipped: 0
[2026-06-11 10:31:03] Admin #173 synced. Imported: 13 | Skipped: 0
[2026-06-11 10:32:03] Admin #173 synced. Imported: 13 | Skipped: 1
[2026-06-11 10:33:03] Admin #173 synced. Imported: 13 | Skipped: 1
[2026-06-11 10:34:03] Admin #173 synced. Imported: 13 | Skipped: 1
[2026-06-11 10:35:03] Admin #173 synced. Imported: 13 | Skipped: 1
[2026-06-11 10:36:03] Admin #173 synced. Imported: 13 | Skipped: 1
[2026-06-11 10:37:02] Admin #173 synced. Imported: 13 | Skipped: 1
^C^C[2026-06-11 10:40:03] Admin #173 synced. Imported: 13 | Skipped: 1
[2026-06-11 10:41:03] Admin #173 synced. Imported: 13 | Skipped: 1
[2026-06-11 10:42:02] Admin #173 synced. Imported: 13 | Skipped: 1
[2026-06-11 10:43:02] Admin #173 synced. Imported: 13 | Skipped: 1
[2026-06-11 10:44:02] Admin #173 synced. Imported: 13 | Skipped: 1
[2026-06-11 10:45:03] Admin #173 synced. Imported: 13 | Skipped: 1
[2026-06-11 10:46:03] Admin #173 synced. Imported: 13 | Skipped: 1
[2026-06-11 10:47:02] Admin #173 synced. Imported: 13 | Skipped: 1
[2026-06-11 10:48:02] Admin #173 synced. Imported: 13 | Skipped: 1
[2026-06-11 10:49:02] Admin #173 synced. Imported: 13 | Skipped: 1
[2026-06-11 10:50:02] Admin #173 synced. Imported: 13 | Skipped: 1
[2026-06-11 10:51:02] Admin #173 synced. Imported: 13 | Skipped: 1
[2026-06-11 10:52:03] Admin #173 synced. Imported: 13 | Skipped: 1
[2026-06-11 10:53:02] Admin #173 synced. Imported: 13 | Skipped: 1
[2026-06-11 10:54:03] Admin #173 synced. Imported: 13 | Skipped: 1
[2026-06-11 10:55:03] Admin #173 synced. Imported: 13 | Skipped: 1
[2026-06-11 10:56:03] Admin #173 synced. Imported: 13 | Skipped: 1
[2026-06-11 10:57:03] Admin #173 synced. Imported: 13 | Skipped: 1
[2026-06-11 10:58:03] Admin #173 synced. Imported: 13 | Skipped: 1
[2026-06-11 10:59:03] Admin #173 synced. Imported: 13 | Skipped: 1
[2026-06-11 11:00:03] Admin #173 synced. Imported: 13 | Skipped: 1
[2026-06-11 11:01:03] Admin #173 synced. Imported: 13 | Skipped: 1
[2026-06-11 11:02:03] Admin #173 synced. Imported: 13 | Skipped: 1
[2026-06-11 11:03:03] Admin #173 synced. Imported: 13 | Skipped: 1
[2026-06-11 11:04:03] Admin #173 synced. Imported: 13 | Skipped: 1
[2026-06-11 11:05:03] Admin #173 synced. Imported: 13 | Skipped: 1
[2026-06-11 11:06:03] Admin #173 synced. Imported: 13 | Skipped: 1
[2026-06-11 11:07:03] Admin #173 synced. Imported: 13 | Skipped: 1
[2026-06-11 11:08:03] Admin #173 synced. Imported: 13 | Skipped: 1
[2026-06-11 11:09:03] Admin #173 synced. Imported: 13 | Skipped: 1
[2026-06-11 11:10:03] Admin #173 synced. Imported: 13 | Skipped: 1
[2026-06-11 11:11:03] Admin #173 synced. Imported: 13 | Skipped: 1
^C[2026-06-11 11:13:03] Admin #173 synced. Imported: 13 | Skipped: 1
[2026-06-11 11:14:03] Admin #173 synced. Imported: 13 | Skipped: 1
[2026-06-11 11:15:03] Admin #173 synced. Imported: 13 | Skipped: 1
[2026-06-11 11:16:03] Admin #173 synced. Imported: 13 | Skipped: 1
[2026-06-11 11:17:03] Admin #173 synced. Imported: 13 | Skipped: 1
[2026-06-11 11:18:03] Admin #173 synced. Imported: 13 | Skipped: 1
[2026-06-11 11:19:03] Admin #173 synced. Imported: 13 | Skipped: 1
[2026-06-11 11:20:03] Admin #173 synced. Imported: 13 | Skipped: 1
[2026-06-11 11:21:03] Admin #173 synced. Imported: 13 | Skipped: 1
[2026-06-11 11:22:03] Admin #173 synced. Imported: 13 | Skipped: 1
[2026-06-11 11:23:03] Admin #173 synced. Imported: 13 | Skipped: 1
[2026-06-11 11:24:03] Admin #173 synced. Imported: 13 | Skipped: 1
[2026-06-11 11:25:03] Admin #173 synced. Imported: 13 | Skipped: 1
^C[2026-06-11 11:27:03] Admin #173 synced. Imported: 13 | Skipped: 1
[2026-06-11 11:28:03] Admin #173 synced. Imported: 13 | Skipped: 1
[2026-06-11 11:29:03] Admin #173 synced. Imported: 13 | Skipped: 1
[2026-06-11 11:30:03] Admin #173 synced. Imported: 13 | Skipped: 1
[2026-06-11 11:31:03] Admin #173 synced. Imported: 13 | Skipped: 1
[2026-06-11 11:32:03] Admin #173 synced. Imported: 13 | Skipped: 1
[2026-06-11 11:33:03] Admin #173 synced. Imported: 13 | Skipped: 1
[2026-06-11 11:34:03] Admin #173 synced. Imported: 13 | Skipped: 1
[2026-06-11 11:35:03] Admin #173 synced. Imported: 13 | Skipped: 1
[2026-06-11 11:36:06] Admin #173 failed: eTime Office API request failed: Failed to connect to api.etimeoffice.com port 443: Connection refused
[2026-06-11 11:37:03] Admin #173 synced. Imported: 13 | Skipped: 1
[2026-06-11 11:38:03] Admin #173 synced. Imported: 13 | Skipped: 1
[2026-06-11 11:39:03] Admin #173 synced. Imported: 13 | Skipped: 1
[2026-06-11 11:40:03] Admin #173 synced. Imported: 13 | Skipped: 1
[2026-06-11 11:41:03] Admin #173 synced. Imported: 13 | Skipped: 1
[2026-06-11 11:42:03] Admin #173 synced. Imported: 13 | Skipped: 1
[2026-06-11 11:43:03] Admin #173 synced. Imported: 13 | Skipped: 1
[2026-06-11 11:44:03] Admin #173 synced. Imported: 13 | Skipped: 1
[2026-06-11 11:45:03] Admin #173 synced. Imported: 13 | Skipped: 1
[2026-06-11 11:46:03] Admin #173 synced. Imported: 13 | Skipped: 1
^C[2026-06-11 11:48:03] Admin #173 synced. Imported: 13 | Skipped: 1
[2026-06-11 11:49:03] Admin #173 synced. Imported: 13 | Skipped: 1
[2026-06-11 11:50:03] Admin #173 synced. Imported: 13 | Skipped: 1
[2026-06-11 11:51:03] Admin #173 synced. Imported: 13 | Skipped: 1
[2026-06-11 11:52:03] Admin #173 synced. Imported: 13 | Skipped: 1
[2026-06-11 11:53:03] Admin #173 synced. Imported: 13 | Skipped: 1
[2026-06-11 11:54:03] Admin #173 synced. Imported: 13 | Skipped: 1
[2026-06-11 11:55:03] Admin #173 synced. Imported: 13 | Skipped: 1
[2026-06-11 11:56:03] Admin #173 synced. Imported: 13 | Skipped: 1
[2026-06-11 11:57:03] Admin #173 synced. Imported: 13 | Skipped: 1
[2026-06-11 11:58:03] Admin #173 synced. Imported: 13 | Skipped: 1
[2026-06-11 11:59:03] Admin #173 synced. Imported: 13 | Skipped: 1
[2026-06-11 12:00:03] Admin #173 synced. Imported: 13 | Skipped: 1
[2026-06-11 12:01:03] Admin #173 synced. Imported: 13 | Skipped: 1
